Determining if the pthread_create exist failed with the following output:
Change Dir: /home/glauz/Projects/SDL2/AzuriteEngine/build/CMakeFiles/CMakeTmp

Run Build Command:"/usr/bin/make" "cmTC_801ee/fast"
/usr/bin/make -f CMakeFiles/cmTC_801ee.dir/build.make CMakeFiles/cmTC_801ee.dir/build
make[1]: Entering directory '/home/glauz/Projects/SDL2/AzuriteEngine/build/CMakeFiles/CMakeTmp'
Building C object CMakeFiles/cmTC_801ee.dir/CheckSymbolExists.c.o
/usr/bin/cc    -o CMakeFiles/cmTC_801ee.dir/CheckSymbolExists.c.o   -c /home/glauz/Projects/SDL2/AzuriteEngine/build/CMakeFiles/CMakeTmp/CheckSymbolExists.c
Linking C executable cmTC_801ee
/usr/bin/cmake -E cmake_link_script CMakeFiles/cmTC_801ee.dir/link.txt --verbose=1
/usr/bin/cc      -rdynamic CMakeFiles/cmTC_801ee.dir/CheckSymbolExists.c.o  -o cmTC_801ee 
CMakeFiles/cmTC_801ee.dir/CheckSymbolExists.c.o: In function `main':
CheckSymbolExists.c:(.text+0x1b): undefined reference to `pthread_create'
collect2: error: ld returned 1 exit status
CMakeFiles/cmTC_801ee.dir/build.make:97: recipe for target 'cmTC_801ee' failed
make[1]: *** [cmTC_801ee] Error 1
make[1]: Leaving directory '/home/glauz/Projects/SDL2/AzuriteEngine/build/CMakeFiles/CMakeTmp'
Makefile:126: recipe for target 'cmTC_801ee/fast' failed
make: *** [cmTC_801ee/fast] Error 2

File /home/glauz/Projects/SDL2/AzuriteEngine/build/CMakeFiles/CMakeTmp/CheckSymbolExists.c:
/* */
#include <pthread.h>

int main(int argc, char** argv)
{
  (void)argv;
#ifndef pthread_create
  return ((int*)(&pthread_create))[argc];
#else
  (void)argc;
  return 0;
#endif
}

Determining if the function pthread_create exists in the pthreads failed with the following output:
Change Dir: /home/glauz/Projects/SDL2/AzuriteEngine/build/CMakeFiles/CMakeTmp

Run Build Command:"/usr/bin/make" "cmTC_9f0ac/fast"
/usr/bin/make -f CMakeFiles/cmTC_9f0ac.dir/build.make CMakeFiles/cmTC_9f0ac.dir/build
make[1]: Entering directory '/home/glauz/Projects/SDL2/AzuriteEngine/build/CMakeFiles/CMakeTmp'
Building C object CMakeFiles/cmTC_9f0ac.dir/CheckFunctionExists.c.o
/usr/bin/cc   -DCHECK_FUNCTION_EXISTS=pthread_create   -o CMakeFiles/cmTC_9f0ac.dir/CheckFunctionExists.c.o   -c /usr/share/cmake-3.10/Modules/CheckFunctionExists.c
Linking C executable cmTC_9f0ac
/usr/bin/cmake -E cmake_link_script CMakeFiles/cmTC_9f0ac.dir/link.txt --verbose=1
/usr/bin/cc  -DCHECK_FUNCTION_EXISTS=pthread_create    -rdynamic CMakeFiles/cmTC_9f0ac.dir/CheckFunctionExists.c.o  -o cmTC_9f0ac -lpthreads 
/usr/bin/ld: cannot find -lpthreads
collect2: error: ld returned 1 exit status
CMakeFiles/cmTC_9f0ac.dir/build.make:97: recipe for target 'cmTC_9f0ac' failed
make[1]: *** [cmTC_9f0ac] Error 1
make[1]: Leaving directory '/home/glauz/Projects/SDL2/AzuriteEngine/build/CMakeFiles/CMakeTmp'
Makefile:126: recipe for target 'cmTC_9f0ac/fast' failed
make: *** [cmTC_9f0ac/fast] Error 2


